<?xml version="1.0" encoding="UTF-8"?>
<testsuite name="PrimeCalculatorTest" tests="5" skipped="0" failures="0" errors="0" timestamp="2024-04-19T23:03:48" hostname="LAPTOP-HFOHBO3C" time="0.095">
  <properties/>
  <testcase name="testUndefinedPrime()" classname="PrimeCalculatorTest" time="0.066"/>
  <testcase name="testSixthPrime()" classname="PrimeCalculatorTest" time="0.004"/>
  <testcase name="testFirstPrime()" classname="PrimeCalculatorTest" time="0.003"/>
  <testcase name="testSecondPrime()" classname="PrimeCalculatorTest" time="0.001"/>
  <testcase name="testBigPrime()" classname="PrimeCalculatorTest" time="0.017"/>
  <system-out><![CDATA[]]></system-out>
  <system-err><![CDATA[]]></system-err>
</testsuite>
